<?xml version="1.0" encoding="UTF-8"?>
<testsuite xmlns:xsi="http://www.w3.org/2001/XMLSchema-instance" xsi:noNamespaceSchemaLocation="https://maven.apache.org/surefire/maven-surefire-plugin/xsd/surefire-test-report.xsd" name="TestRunner" time="4.786" tests="1" errors="0" skipped="0" failures="0">
  <properties>
    <property name="java.specification.version" value="16"/>
    <property name="sun.cpu.isalist" value="amd64"/>
    <property name="sun.jnu.encoding" value="Cp1252"/>
    <property name="java.class.path" value="C:\Users\asaldi\Downloads\automation\karate\karatePOC\target\test-classes;C:\Users\asaldi\Downloads\automation\karate\karatePOC\target\classes;C:\Users\asaldi\.m2\repository\com\intuit\karate\karate-junit5\1.1.0\karate-junit5-1.1.0.jar;C:\Users\asaldi\.m2\repository\com\intuit\karate\karate-core\1.1.0\karate-core-1.1.0.jar;C:\Users\asaldi\.m2\repository\org\graalvm\js\js-scriptengine\21.2.0\js-scriptengine-21.2.0.jar;C:\Users\asaldi\.m2\repository\org\graalvm\sdk\graal-sdk\21.2.0\graal-sdk-21.2.0.jar;C:\Users\asaldi\.m2\repository\org\graalvm\js\js\21.2.0\js-21.2.0.jar;C:\Users\asaldi\.m2\repository\org\graalvm\regex\regex\21.2.0\regex-21.2.0.jar;C:\Users\asaldi\.m2\repository\org\graalvm\truffle\truffle-api\21.2.0\truffle-api-21.2.0.jar;C:\Users\asaldi\.m2\repository\com\ibm\icu\icu4j\69.1\icu4j-69.1.jar;C:\Users\asaldi\.m2\repository\ch\qos\logback\logback-classic\1.2.3\logback-classic-1.2.3.jar;C:\Users\asaldi\.m2\repository\ch\qos\logback\logback-core\1.2.3\logback-core-1.2.3.jar;C:\Users\asaldi\.m2\repository\org\slf4j\slf4j-api\1.7.25\slf4j-api-1.7.25.jar;C:\Users\asaldi\.m2\repository\org\slf4j\jcl-over-slf4j\1.7.25\jcl-over-slf4j-1.7.25.jar;C:\Users\asaldi\.m2\repository\com\jayway\jsonpath\json-path\2.6.0\json-path-2.6.0.jar;C:\Users\asaldi\.m2\repository\net\minidev\json-smart\2.4.7\json-smart-2.4.7.jar;C:\Users\asaldi\.m2\repository\net\minidev\accessors-smart\2.4.7\accessors-smart-2.4.7.jar;C:\Users\asaldi\.m2\repository\org\ow2\asm\asm\9.1\asm-9.1.jar;C:\Users\asaldi\.m2\repository\info\cukes\cucumber-java\1.2.5\cucumber-java-1.2.5.jar;C:\Users\asaldi\.m2\repository\info\cukes\cucumber-core\1.2.5\cucumber-core-1.2.5.jar;C:\Users\asaldi\.m2\repository\org\yaml\snakeyaml\1.29\snakeyaml-1.29.jar;C:\Users\asaldi\.m2\repository\de\siegmar\fastcsv\2.0.0\fastcsv-2.0.0.jar;C:\Users\asaldi\.m2\repository\info\picocli\picocli\4.6.1\picocli-4.6.1.jar;C:\Users\asaldi\.m2\repository\org\junit\jupiter\junit-jupiter-api\5.7.2\junit-jupiter-api-5.7.2.jar;C:\Users\asaldi\.m2\repository\org\apiguardian\apiguardian-api\1.1.0\apiguardian-api-1.1.0.jar;C:\Users\asaldi\.m2\repository\org\opentest4j\opentest4j\1.2.0\opentest4j-1.2.0.jar;C:\Users\asaldi\.m2\repository\org\junit\platform\junit-platform-commons\1.7.2\junit-platform-commons-1.7.2.jar;C:\Users\asaldi\.m2\repository\org\junit\jupiter\junit-jupiter-engine\5.7.2\junit-jupiter-engine-5.7.2.jar;C:\Users\asaldi\.m2\repository\org\junit\platform\junit-platform-engine\1.7.2\junit-platform-engine-1.7.2.jar;"/>
    <property name="java.vm.vendor" value="Oracle Corporation"/>
    <property name="sun.arch.data.model" value="64"/>
    <property name="user.variant" value=""/>
    <property name="java.vendor.url" value="https://java.oracle.com/"/>
    <property name="user.timezone" value="Australia/Sydney"/>
    <property name="os.name" value="Windows 10"/>
    <property name="java.vm.specification.version" value="16"/>
    <property name="sun.java.launcher" value="SUN_STANDARD"/>
    <property name="user.country" value="AU"/>
    <property name="sun.boot.library.path" value="C:\Program Files\Java\jdk-16.0.2\bin"/>
    <property name="sun.java.command" value="C:\Users\asaldi\AppData\Local\Temp\surefire12423536219191660231\surefirebooter5073795613413738601.jar C:\Users\asaldi\AppData\Local\Temp\surefire12423536219191660231 2021-08-17T16-24-12_864-jvmRun1 surefire9717480384940955325tmp surefire_013035362362510442991tmp"/>
    <property name="jdk.debug" value="release"/>
    <property name="test" value="TestRunner"/>
    <property name="surefire.test.class.path" value="C:\Users\asaldi\Downloads\automation\karate\karatePOC\target\test-classes;C:\Users\asaldi\Downloads\automation\karate\karatePOC\target\classes;C:\Users\asaldi\.m2\repository\com\intuit\karate\karate-junit5\1.1.0\karate-junit5-1.1.0.jar;C:\Users\asaldi\.m2\repository\com\intuit\karate\karate-core\1.1.0\karate-core-1.1.0.jar;C:\Users\asaldi\.m2\repository\org\graalvm\js\js-scriptengine\21.2.0\js-scriptengine-21.2.0.jar;C:\Users\asaldi\.m2\repository\org\graalvm\sdk\graal-sdk\21.2.0\graal-sdk-21.2.0.jar;C:\Users\asaldi\.m2\repository\org\graalvm\js\js\21.2.0\js-21.2.0.jar;C:\Users\asaldi\.m2\repository\org\graalvm\regex\regex\21.2.0\regex-21.2.0.jar;C:\Users\asaldi\.m2\repository\org\graalvm\truffle\truffle-api\21.2.0\truffle-api-21.2.0.jar;C:\Users\asaldi\.m2\repository\com\ibm\icu\icu4j\69.1\icu4j-69.1.jar;C:\Users\asaldi\.m2\repository\ch\qos\logback\logback-classic\1.2.3\logback-classic-1.2.3.jar;C:\Users\asaldi\.m2\repository\ch\qos\logback\logback-core\1.2.3\logback-core-1.2.3.jar;C:\Users\asaldi\.m2\repository\org\slf4j\slf4j-api\1.7.25\slf4j-api-1.7.25.jar;C:\Users\asaldi\.m2\repository\org\slf4j\jcl-over-slf4j\1.7.25\jcl-over-slf4j-1.7.25.jar;C:\Users\asaldi\.m2\repository\com\jayway\jsonpath\json-path\2.6.0\json-path-2.6.0.jar;C:\Users\asaldi\.m2\repository\net\minidev\json-smart\2.4.7\json-smart-2.4.7.jar;C:\Users\asaldi\.m2\repository\net\minidev\accessors-smart\2.4.7\accessors-smart-2.4.7.jar;C:\Users\asaldi\.m2\repository\org\ow2\asm\asm\9.1\asm-9.1.jar;C:\Users\asaldi\.m2\repository\info\cukes\cucumber-java\1.2.5\cucumber-java-1.2.5.jar;C:\Users\asaldi\.m2\repository\info\cukes\cucumber-core\1.2.5\cucumber-core-1.2.5.jar;C:\Users\asaldi\.m2\repository\org\yaml\snakeyaml\1.29\snakeyaml-1.29.jar;C:\Users\asaldi\.m2\repository\de\siegmar\fastcsv\2.0.0\fastcsv-2.0.0.jar;C:\Users\asaldi\.m2\repository\info\picocli\picocli\4.6.1\picocli-4.6.1.jar;C:\Users\asaldi\.m2\repository\org\junit\jupiter\junit-jupiter-api\5.7.2\junit-jupiter-api-5.7.2.jar;C:\Users\asaldi\.m2\repository\org\apiguardian\apiguardian-api\1.1.0\apiguardian-api-1.1.0.jar;C:\Users\asaldi\.m2\repository\org\opentest4j\opentest4j\1.2.0\opentest4j-1.2.0.jar;C:\Users\asaldi\.m2\repository\org\junit\platform\junit-platform-commons\1.7.2\junit-platform-commons-1.7.2.jar;C:\Users\asaldi\.m2\repository\org\junit\jupiter\junit-jupiter-engine\5.7.2\junit-jupiter-engine-5.7.2.jar;C:\Users\asaldi\.m2\repository\org\junit\platform\junit-platform-engine\1.7.2\junit-platform-engine-1.7.2.jar;"/>
    <property name="sun.cpu.endian" value="little"/>
    <property name="user.home" value="C:\Users\asaldi"/>
    <property name="user.language" value="en"/>
    <property name="java.specification.vendor" value="Oracle Corporation"/>
    <property name="java.version.date" value="2021-07-20"/>
    <property name="java.home" value="C:\Program Files\Java\jdk-16.0.2"/>
    <property name="file.separator" value="\"/>
    <property name="basedir" value="C:\Users\asaldi\Downloads\automation\karate\karatePOC"/>
    <property name="java.vm.compressedOopsMode" value="Zero based"/>
    <property name="line.separator" value="&#10;"/>
    <property name="java.vm.specification.vendor" value="Oracle Corporation"/>
    <property name="java.specification.name" value="Java Platform API Specification"/>
    <property name="surefire.real.class.path" value="C:\Users\asaldi\AppData\Local\Temp\surefire12423536219191660231\surefirebooter5073795613413738601.jar"/>
    <property name="user.script" value=""/>
    <property name="sun.management.compiler" value="HotSpot 64-Bit Tiered Compilers"/>
    <property name="java.runtime.version" value="16.0.2+7-67"/>
    <property name="user.name" value="asaldi"/>
    <property name="path.separator" value=";"/>
    <property name="os.version" value="10.0"/>
    <property name="java.runtime.name" value="Java(TM) SE Runtime Environment"/>
    <property name="file.encoding" value="UTF-8"/>
    <property name="java.vm.name" value="Java HotSpot(TM) 64-Bit Server VM"/>
    <property name="localRepository" value="C:\Users\asaldi\.m2\repository"/>
    <property name="java.vendor.url.bug" value="https://bugreport.java.com/bugreport/"/>
    <property name="java.io.tmpdir" value="C:\Users\asaldi\AppData\Local\Temp\"/>
    <property name="java.version" value="16.0.2"/>
    <property name="user.dir" value="C:\Users\asaldi\Downloads\automation\karate\karatePOC"/>
    <property name="os.arch" value="amd64"/>
    <property name="java.vm.specification.name" value="Java Virtual Machine Specification"/>
    <property name="sun.os.patch.level" value=""/>
    <property name="java.library.path" value="C:\Program Files\Java\jdk-16.0.2\bin;C:\WINDOWS\Sun\Java\bin;C:\WINDOWS\system32;C:\WINDOWS;C:\Program Files\Common Files\Oracle\Java\javapath;C:\Program Files (x86)\Attachmate\Reflection\;C:\Oracle\product\Ora11203\bin;C:\WINDOWS\system32;C:\WINDOWS;C:\WINDOWS\System32\Wbem;C:\WINDOWS\System32\WindowsPowerShell\v1.0\;C:\WINDOWS\System32\OpenSSH\;C:\Program Files\Kmart ClientServer Apps\VB;C:\Program Files\Java\jdk-16.0.2\bin;C:\Program Files\Git\cmd;C:\Program Files\Docker\Docker\resources\bin;C:\ProgramData\DockerDesktop\version-bin;C:\Program Files\dotnet\;C:\Program Files\Microsoft SQL Server\130\Tools\Binn\;C:\Program Files\Microsoft SQL Server\Client SDK\ODBC\170\Tools\Binn\;C:\Users\asaldi\OneDrive - Kmart Australia Limited\Downloads\apache-maven-3.8.1-bin\apache-maven-3.8.1\bin;C:\Users\asaldi\scoop\shims;C:\Users\asaldi\AppData\Local\Microsoft\WindowsApps;;C:\Program Files\JetBrains\IntelliJ IDEA Community Edition 2021.2\bin;;C:\Users\asaldi\.dotnet\tools;C:\Users\asaldi\AppData\Local\Programs\Microsoft VS Code\bin;."/>
    <property name="java.vm.info" value="mixed mode, sharing"/>
    <property name="java.vendor" value="Oracle Corporation"/>
    <property name="java.vm.version" value="16.0.2+7-67"/>
    <property name="sun.io.unicode.encoding" value="UnicodeLittle"/>
    <property name="java.class.version" value="60.0"/>
  </properties>
  <testcase name="testParallel" classname="TestRunner" time="4.779"/>
</testsuite>